{"message":"Something failed during startup.","stack":"Error: Something failed during startup.\n    at Object.<anonymous> (/Users/moshfeghhamedani/Desktop/node-course/vidly/index.js:29:7)\n    at Module._compile (module.js:635:30)\n    at Object.Module._extensions..js (module.js:646:10)\n    at Module.load (module.js:554:32)\n    at tryModuleLoad (module.js:497:12)\n    at Function.Module._load (module.js:489:3)\n    at Function.Module.runMain (module.js:676:10)\n    at startup (bootstrap_node.js:187:16)\n    at bootstrap_node.js:608:3","level":"error","timestamp":"2018-02-06T20:32:44.656Z"}
{"message":"Something failed miserably!","stack":"Error: Something failed miserably!\n    at Object.<anonymous> (/Users/moshfeghhamedani/Desktop/node-course/vidly/index.js:34:26)\n    at Module._compile (module.js:635:30)\n    at Object.Module._extensions..js (module.js:646:10)\n    at Module.load (module.js:554:32)\n    at tryModuleLoad (module.js:497:12)\n    at Function.Module._load (module.js:489:3)\n    at Function.Module.runMain (module.js:676:10)\n    at startup (bootstrap_node.js:187:16)\n    at bootstrap_node.js:608:3","level":"error","timestamp":"2018-02-06T20:53:50.001Z"}
{"message":"Could not get the genres.","stack":"Error: Could not get the genres.\n    at router.get (/Users/moshfeghhamedani/Desktop/node-course/vidly/routes/genres.js:9:9)\n    at /Users/moshfeghhamedani/Desktop/node-course/vidly/node_modules/express-async-errors/index.js:17:17\n    at Layer.handle [as handle_request] (/Users/moshfeghhamedani/Desktop/node-course/vidly/node_modules/express/lib/router/layer.js:95:5)\n    at next (/Users/moshfeghhamedani/Desktop/node-course/vidly/node_modules/express/lib/router/route.js:137:13)\n    at Route.dispatch (/Users/moshfeghhamedani/Desktop/node-course/vidly/node_modules/express/lib/router/route.js:112:3)\n    at /Users/moshfeghhamedani/Desktop/node-course/vidly/node_modules/express-async-errors/index.js:17:17\n    at Layer.handle [as handle_request] (/Users/moshfeghhamedani/Desktop/node-course/vidly/node_modules/express/lib/router/layer.js:95:5)\n    at /Users/moshfeghhamedani/Desktop/node-course/vidly/node_modules/express/lib/router/index.js:281:22\n    at Function.process_params (/Users/moshfeghhamedani/Desktop/node-course/vidly/node_modules/express/lib/router/index.js:335:12)\n    at next (/Users/moshfeghhamedani/Desktop/node-course/vidly/node_modules/express/lib/router/index.js:275:10)\n    at Function.handle (/Users/moshfeghhamedani/Desktop/node-course/vidly/node_modules/express/lib/router/index.js:174:3)\n    at router (/Users/moshfeghhamedani/Desktop/node-course/vidly/node_modules/express/lib/router/index.js:47:12)\n    at /Users/moshfeghhamedani/Desktop/node-course/vidly/node_modules/express-async-errors/index.js:17:17\n    at Layer.handle [as handle_request] (/Users/moshfeghhamedani/Desktop/node-course/vidly/node_modules/express/lib/router/layer.js:95:5)\n    at trim_prefix (/Users/moshfeghhamedani/Desktop/node-course/vidly/node_modules/express/lib/router/index.js:317:13)\n    at /Users/moshfeghhamedani/Desktop/node-course/vidly/node_modules/express/lib/router/index.js:284:7","level":"error","timestamp":"2018-02-06T21:21:42.521Z"}
{"message":"Could not get the genres.","stack":"Error: Could not get the genres.\n    at router.get (/Users/moshfeghhamedani/Desktop/node-course/vidly/routes/genres.js:9:9)\n    at /Users/moshfeghhamedani/Desktop/node-course/vidly/node_modules/express-async-errors/index.js:17:17\n    at Layer.handle [as handle_request] (/Users/moshfeghhamedani/Desktop/node-course/vidly/node_modules/express/lib/router/layer.js:95:5)\n    at next (/Users/moshfeghhamedani/Desktop/node-course/vidly/node_modules/express/lib/router/route.js:137:13)\n    at Route.dispatch (/Users/moshfeghhamedani/Desktop/node-course/vidly/node_modules/express/lib/router/route.js:112:3)\n    at /Users/moshfeghhamedani/Desktop/node-course/vidly/node_modules/express-async-errors/index.js:17:17\n    at Layer.handle [as handle_request] (/Users/moshfeghhamedani/Desktop/node-course/vidly/node_modules/express/lib/router/layer.js:95:5)\n    at /Users/moshfeghhamedani/Desktop/node-course/vidly/node_modules/express/lib/router/index.js:281:22\n    at Function.process_params (/Users/moshfeghhamedani/Desktop/node-course/vidly/node_modules/express/lib/router/index.js:335:12)\n    at next (/Users/moshfeghhamedani/Desktop/node-course/vidly/node_modules/express/lib/router/index.js:275:10)\n    at Function.handle (/Users/moshfeghhamedani/Desktop/node-course/vidly/node_modules/express/lib/router/index.js:174:3)\n    at router (/Users/moshfeghhamedani/Desktop/node-course/vidly/node_modules/express/lib/router/index.js:47:12)\n    at /Users/moshfeghhamedani/Desktop/node-course/vidly/node_modules/express-async-errors/index.js:17:17\n    at Layer.handle [as handle_request] (/Users/moshfeghhamedani/Desktop/node-course/vidly/node_modules/express/lib/router/layer.js:95:5)\n    at trim_prefix (/Users/moshfeghhamedani/Desktop/node-course/vidly/node_modules/express/lib/router/index.js:317:13)\n    at /Users/moshfeghhamedani/Desktop/node-course/vidly/node_modules/express/lib/router/index.js:284:7","level":"error","timestamp":"2018-02-06T21:21:43.301Z"}
{"message":"Could not get the genres.","stack":"Error: Could not get the genres.\n    at router.get (/Users/moshfeghhamedani/Desktop/node-course/vidly/routes/genres.js:9:9)\n    at /Users/moshfeghhamedani/Desktop/node-course/vidly/node_modules/express-async-errors/index.js:17:17\n    at Layer.handle [as handle_request] (/Users/moshfeghhamedani/Desktop/node-course/vidly/node_modules/express/lib/router/layer.js:95:5)\n    at next (/Users/moshfeghhamedani/Desktop/node-course/vidly/node_modules/express/lib/router/route.js:137:13)\n    at Route.dispatch (/Users/moshfeghhamedani/Desktop/node-course/vidly/node_modules/express/lib/router/route.js:112:3)\n    at /Users/moshfeghhamedani/Desktop/node-course/vidly/node_modules/express-async-errors/index.js:17:17\n    at Layer.handle [as handle_request] (/Users/moshfeghhamedani/Desktop/node-course/vidly/node_modules/express/lib/router/layer.js:95:5)\n    at /Users/moshfeghhamedani/Desktop/node-course/vidly/node_modules/express/lib/router/index.js:281:22\n    at Function.process_params (/Users/moshfeghhamedani/Desktop/node-course/vidly/node_modules/express/lib/router/index.js:335:12)\n    at next (/Users/moshfeghhamedani/Desktop/node-course/vidly/node_modules/express/lib/router/index.js:275:10)\n    at Function.handle (/Users/moshfeghhamedani/Desktop/node-course/vidly/node_modules/express/lib/router/index.js:174:3)\n    at router (/Users/moshfeghhamedani/Desktop/node-course/vidly/node_modules/express/lib/router/index.js:47:12)\n    at /Users/moshfeghhamedani/Desktop/node-course/vidly/node_modules/express-async-errors/index.js:17:17\n    at Layer.handle [as handle_request] (/Users/moshfeghhamedani/Desktop/node-course/vidly/node_modules/express/lib/router/layer.js:95:5)\n    at trim_prefix (/Users/moshfeghhamedani/Desktop/node-course/vidly/node_modules/express/lib/router/index.js:317:13)\n    at /Users/moshfeghhamedani/Desktop/node-course/vidly/node_modules/express/lib/router/index.js:284:7","level":"error","timestamp":"2018-02-06T21:21:52.096Z"}
{"message":"Could not get the genres.","stack":"Error: Could not get the genres.\n    at router.get (/Users/moshfeghhamedani/Desktop/node-course/vidly/routes/genres.js:9:9)\n    at /Users/moshfeghhamedani/Desktop/node-course/vidly/node_modules/express-async-errors/index.js:17:17\n    at Layer.handle [as handle_request] (/Users/moshfeghhamedani/Desktop/node-course/vidly/node_modules/express/lib/router/layer.js:95:5)\n    at next (/Users/moshfeghhamedani/Desktop/node-course/vidly/node_modules/express/lib/router/route.js:137:13)\n    at Route.dispatch (/Users/moshfeghhamedani/Desktop/node-course/vidly/node_modules/express/lib/router/route.js:112:3)\n    at /Users/moshfeghhamedani/Desktop/node-course/vidly/node_modules/express-async-errors/index.js:17:17\n    at Layer.handle [as handle_request] (/Users/moshfeghhamedani/Desktop/node-course/vidly/node_modules/express/lib/router/layer.js:95:5)\n    at /Users/moshfeghhamedani/Desktop/node-course/vidly/node_modules/express/lib/router/index.js:281:22\n    at Function.process_params (/Users/moshfeghhamedani/Desktop/node-course/vidly/node_modules/express/lib/router/index.js:335:12)\n    at next (/Users/moshfeghhamedani/Desktop/node-course/vidly/node_modules/express/lib/router/index.js:275:10)\n    at Function.handle (/Users/moshfeghhamedani/Desktop/node-course/vidly/node_modules/express/lib/router/index.js:174:3)\n    at router (/Users/moshfeghhamedani/Desktop/node-course/vidly/node_modules/express/lib/router/index.js:47:12)\n    at /Users/moshfeghhamedani/Desktop/node-course/vidly/node_modules/express-async-errors/index.js:17:17\n    at Layer.handle [as handle_request] (/Users/moshfeghhamedani/Desktop/node-course/vidly/node_modules/express/lib/router/layer.js:95:5)\n    at trim_prefix (/Users/moshfeghhamedani/Desktop/node-course/vidly/node_modules/express/lib/router/index.js:317:13)\n    at /Users/moshfeghhamedani/Desktop/node-course/vidly/node_modules/express/lib/router/index.js:284:7","level":"error","timestamp":"2018-02-06T21:21:53.806Z"}
{"level":"info","message":"Connected to MongoDB...","timestamp":"2018-02-06T21:34:26.743Z"}
{"level":"info","message":"Connected to MongoDB...","timestamp":"2018-02-06T21:39:24.124Z"}
{"level":"info","message":"Listening on port 3000...","timestamp":"2018-02-13T19:46:38.839Z"}
{"level":"info","message":"Connected to MongoDB...","timestamp":"2018-02-13T19:46:38.861Z"}
{"level":"info","message":"Listening on port 3000...","timestamp":"2018-02-13T20:02:31.852Z"}
{"level":"info","message":"Connected to mongodb://localhost/vidly...","timestamp":"2018-02-13T20:02:31.873Z"}
{"level":"info","message":"Listening on port 3000...","timestamp":"2018-02-13T20:03:10.196Z"}
{"level":"info","message":"Connected to mongodb://localhost/vidly_tests...","timestamp":"2018-02-13T20:03:10.216Z"}
{"level":"info","message":"Connected to mongodb://localhost/vidly_tests...","timestamp":"2018-02-13T20:27:25.716Z"}
{"level":"info","message":"Listening on port 3000...","timestamp":"2018-02-13T20:30:04.955Z"}
{"level":"info","message":"Connected to mongodb://localhost/vidly_tests...","timestamp":"2018-02-13T20:30:04.977Z"}
{"level":"info","message":"Listening on port 3000...","timestamp":"2018-02-13T20:30:12.297Z"}
{"level":"info","message":"Connected to mongodb://localhost/vidly_tests...","timestamp":"2018-02-13T20:30:12.356Z"}
{"level":"info","message":"Listening on port 3000...","timestamp":"2018-02-13T20:50:37.433Z"}
{"level":"info","message":"Connected to mongodb://localhost/vidly_tests...","timestamp":"2018-02-13T20:50:37.450Z"}
{"level":"info","message":"Listening on port 3000...","timestamp":"2018-02-13T20:55:18.295Z"}
{"level":"info","message":"Connected to mongodb://localhost/vidly_tests...","timestamp":"2018-02-13T20:55:18.310Z"}
{"level":"info","message":"Listening on port 3000...","timestamp":"2018-02-13T20:57:48.592Z"}
{"level":"info","message":"Connected to mongodb://localhost/vidly_tests...","timestamp":"2018-02-13T20:57:48.597Z"}
{"level":"info","message":"Listening on port 3000...","timestamp":"2018-02-13T20:58:08.617Z"}
{"level":"info","message":"Connected to mongodb://localhost/vidly_tests...","timestamp":"2018-02-13T20:58:08.623Z"}
{"level":"info","message":"Listening on port 3000...","timestamp":"2018-02-13T21:01:29.080Z"}
{"level":"info","message":"Connected to mongodb://localhost/vidly_tests...","timestamp":"2018-02-13T21:01:29.085Z"}
{"level":"info","message":"Listening on port 3000...","timestamp":"2018-02-13T21:01:46.915Z"}
{"level":"info","message":"Connected to mongodb://localhost/vidly_tests...","timestamp":"2018-02-13T21:01:46.921Z"}
{"level":"info","message":"Listening on port 3000...","timestamp":"2018-02-13T21:04:39.262Z"}
{"level":"info","message":"Connected to mongodb://localhost/vidly_tests...","timestamp":"2018-02-13T21:04:39.267Z"}
{"level":"info","message":"Listening on port 3000...","timestamp":"2018-02-13T21:08:51.311Z"}
{"level":"info","message":"Connected to mongodb://localhost/vidly_tests...","timestamp":"2018-02-13T21:08:51.317Z"}
{"level":"info","message":"Listening on port 3000...","timestamp":"2018-02-13T21:11:41.903Z"}
{"level":"info","message":"Connected to mongodb://localhost/vidly_tests...","timestamp":"2018-02-13T21:11:41.913Z"}
{"level":"info","message":"Listening on port 3000...","timestamp":"2018-02-13T21:15:14.584Z"}
{"level":"info","message":"Connected to mongodb://localhost/vidly_tests...","timestamp":"2018-02-13T21:15:14.588Z"}
{"level":"info","message":"Listening on port 3000...","timestamp":"2018-02-13T21:15:27.986Z"}
{"level":"info","message":"Connected to mongodb://localhost/vidly_tests...","timestamp":"2018-02-13T21:15:28.051Z"}
{"level":"info","message":"Listening on port 3000...","timestamp":"2018-02-13T21:17:59.584Z"}
{"level":"info","message":"Connected to mongodb://localhost/vidly_tests...","timestamp":"2018-02-13T21:17:59.592Z"}
{"level":"info","message":"Listening on port 3000...","timestamp":"2018-02-13T21:18:09.265Z"}
{"level":"info","message":"Connected to mongodb://localhost/vidly_tests...","timestamp":"2018-02-13T21:18:09.269Z"}
{"level":"info","message":"Listening on port 3000...","timestamp":"2018-02-13T21:20:18.021Z"}
{"level":"info","message":"Connected to mongodb://localhost/vidly_tests...","timestamp":"2018-02-13T21:20:18.026Z"}
{"level":"info","message":"Listening on port 3000...","timestamp":"2018-02-13T21:22:17.529Z"}
{"level":"info","message":"Connected to mongodb://localhost/vidly_tests...","timestamp":"2018-02-13T21:22:17.534Z"}
{"level":"info","message":"Listening on port 3000...","timestamp":"2018-02-13T22:15:14.480Z"}
{"level":"info","message":"Connected to mongodb://localhost/vidly_tests...","timestamp":"2018-02-13T22:15:14.614Z"}
{"level":"info","message":"Listening on port 3000...","timestamp":"2018-02-13T22:15:24.614Z"}
{"level":"info","message":"Connected to mongodb://localhost/vidly_tests...","timestamp":"2018-02-13T22:15:24.740Z"}
{"level":"info","message":"Listening on port 3000...","timestamp":"2018-02-13T22:22:34.000Z"}
{"level":"info","message":"Connected to mongodb://localhost/vidly_tests...","timestamp":"2018-02-13T22:22:34.003Z"}
{"level":"info","message":"Listening on port 3000...","timestamp":"2018-02-13T22:28:51.373Z"}
{"level":"info","message":"Connected to mongodb://localhost/vidly_tests...","timestamp":"2018-02-13T22:28:51.378Z"}
{"level":"info","message":"Listening on port 3000...","timestamp":"2018-02-13T22:30:02.471Z"}
{"level":"info","message":"Connected to mongodb://localhost/vidly_tests...","timestamp":"2018-02-13T22:30:02.539Z"}
{"level":"info","message":"Listening on port 3000...","timestamp":"2018-02-13T22:31:10.953Z"}
{"level":"info","message":"Connected to mongodb://localhost/vidly_tests...","timestamp":"2018-02-13T22:31:11.014Z"}
{"level":"info","message":"Listening on port 3000...","timestamp":"2018-02-13T22:32:52.901Z"}
{"level":"info","message":"Connected to mongodb://localhost/vidly_tests...","timestamp":"2018-02-13T22:32:52.972Z"}
{"level":"info","message":"Listening on port 3000...","timestamp":"2018-02-13T22:38:34.984Z"}
{"level":"info","message":"Connected to mongodb://localhost/vidly_tests...","timestamp":"2018-02-13T22:38:34.989Z"}
{"message":"Cast to ObjectId failed for value \"1\" at path \"_id\" for model \"Genre\"","stack":"CastError: Cast to ObjectId failed for value \"1\" at path \"_id\" for model \"Genre\"\n    at new CastError (/Users/moshfeghhamedani/Desktop/node-course/vidly/node_modules/mongoose/lib/error/cast.js:27:11)\n    at ObjectId.Object.<anonymous>.ObjectId.cast (/Users/moshfeghhamedani/Desktop/node-course/vidly/node_modules/mongoose/lib/schema/objectid.js:158:13)\n    at ObjectId.Object.<anonymous>.SchemaType.applySetters (/Users/moshfeghhamedani/Desktop/node-course/vidly/node_modules/mongoose/lib/schematype.js:701:12)\n    at ObjectId.Object.<anonymous>.SchemaType._castForQuery (/Users/moshfeghhamedani/Desktop/node-course/vidly/node_modules/mongoose/lib/schematype.js:1072:15)\n    at ObjectId.Object.<anonymous>.ObjectId.castForQuery (/Users/moshfeghhamedani/Desktop/node-course/vidly/node_modules/mongoose/lib/schema/objectid.js:198:15)\n    at ObjectId.Object.<anonymous>.SchemaType.castForQueryWrapper (/Users/moshfeghhamedani/Desktop/node-course/vidly/node_modules/mongoose/lib/schematype.js:1041:15)\n    at cast (/Users/moshfeghhamedani/Desktop/node-course/vidly/node_modules/mongoose/lib/cast.js:269:32)\n    at model.Query.Object.<anonymous>.Query.cast (/Users/moshfeghhamedani/Desktop/node-course/vidly/node_modules/mongoose/lib/query.js:3133:12)\n    at model.Query.Object.<anonymous>.Query._castConditions (/Users/moshfeghhamedani/Desktop/node-course/vidly/node_modules/mongoose/lib/query.js:1269:10)\n    at model.Query.Object.<anonymous>.Query._findOne (/Users/moshfeghhamedani/Desktop/node-course/vidly/node_modules/mongoose/lib/query.js:1485:8)\n    at /Users/moshfeghhamedani/Desktop/node-course/vidly/node_modules/kareem/index.js:276:8\n    at /Users/moshfeghhamedani/Desktop/node-course/vidly/node_modules/kareem/index.js:23:7\n    at _combinedTickCallback (internal/process/next_tick.js:131:7)\n    at process._tickCallback (internal/process/next_tick.js:180:9)","name":"CastError","stringValue":"\"1\"","kind":"ObjectId","value":"1","path":"_id","level":"error","timestamp":"2018-02-13T22:38:35.007Z"}
{"level":"info","message":"Listening on port 3000...","timestamp":"2018-02-13T22:41:31.495Z"}
{"level":"info","message":"Connected to mongodb://localhost/vidly_tests...","timestamp":"2018-02-13T22:41:31.500Z"}
{"level":"error","timestamp":"2018-02-13T22:41:31.519Z"}
{"level":"info","message":"Listening on port 3000...","timestamp":"2018-02-13T22:42:08.746Z"}
{"level":"info","message":"Connected to mongodb://localhost/vidly_tests...","timestamp":"2018-02-13T22:42:08.811Z"}
{"level":"info","message":"Listening on port 3000...","timestamp":"2018-02-13T22:42:43.824Z"}
{"level":"info","message":"Connected to mongodb://localhost/vidly_tests...","timestamp":"2018-02-13T22:42:43.898Z"}
{"level":"info","message":"Listening on port 3000...","timestamp":"2018-02-13T22:48:49.381Z"}
{"level":"info","message":"Connected to mongodb://localhost/vidly_tests...","timestamp":"2018-02-13T22:48:49.388Z"}
{"level":"info","message":"Listening on port 3000...","timestamp":"2018-02-13T22:49:48.617Z"}
{"level":"info","message":"Connected to mongodb://localhost/vidly_tests...","timestamp":"2018-02-13T22:49:48.624Z"}
{"level":"info","message":"Listening on port 3000...","timestamp":"2018-02-13T22:50:06.896Z"}
{"level":"info","message":"Connected to mongodb://localhost/vidly_tests...","timestamp":"2018-02-13T22:50:06.900Z"}
{"message":"Cast to ObjectId failed for value \"1\" at path \"_id\" for model \"Genre\"","stack":"CastError: Cast to ObjectId failed for value \"1\" at path \"_id\" for model \"Genre\"\n    at new CastError (/Users/moshfeghhamedani/Desktop/node-course/vidly/node_modules/mongoose/lib/error/cast.js:27:11)\n    at ObjectId.Object.<anonymous>.ObjectId.cast (/Users/moshfeghhamedani/Desktop/node-course/vidly/node_modules/mongoose/lib/schema/objectid.js:158:13)\n    at ObjectId.Object.<anonymous>.SchemaType.applySetters (/Users/moshfeghhamedani/Desktop/node-course/vidly/node_modules/mongoose/lib/schematype.js:701:12)\n    at ObjectId.Object.<anonymous>.SchemaType._castForQuery (/Users/moshfeghhamedani/Desktop/node-course/vidly/node_modules/mongoose/lib/schematype.js:1072:15)\n    at ObjectId.Object.<anonymous>.ObjectId.castForQuery (/Users/moshfeghhamedani/Desktop/node-course/vidly/node_modules/mongoose/lib/schema/objectid.js:198:15)\n    at ObjectId.Object.<anonymous>.SchemaType.castForQueryWrapper (/Users/moshfeghhamedani/Desktop/node-course/vidly/node_modules/mongoose/lib/schematype.js:1041:15)\n    at cast (/Users/moshfeghhamedani/Desktop/node-course/vidly/node_modules/mongoose/lib/cast.js:269:32)\n    at model.Query.Object.<anonymous>.Query.cast (/Users/moshfeghhamedani/Desktop/node-course/vidly/node_modules/mongoose/lib/query.js:3133:12)\n    at model.Query.Object.<anonymous>.Query._castConditions (/Users/moshfeghhamedani/Desktop/node-course/vidly/node_modules/mongoose/lib/query.js:1269:10)\n    at model.Query.Object.<anonymous>.Query._findOne (/Users/moshfeghhamedani/Desktop/node-course/vidly/node_modules/mongoose/lib/query.js:1485:8)\n    at /Users/moshfeghhamedani/Desktop/node-course/vidly/node_modules/kareem/index.js:276:8\n    at /Users/moshfeghhamedani/Desktop/node-course/vidly/node_modules/kareem/index.js:23:7\n    at _combinedTickCallback (internal/process/next_tick.js:131:7)\n    at process._tickCallback (internal/process/next_tick.js:180:9)","name":"CastError","stringValue":"\"1\"","kind":"ObjectId","value":"1","path":"_id","level":"error","timestamp":"2018-02-13T22:50:07.017Z"}
{"level":"info","message":"Listening on port 3000...","timestamp":"2018-02-13T22:51:15.433Z"}
{"level":"info","message":"Connected to mongodb://localhost/vidly_tests...","timestamp":"2018-02-13T22:51:15.439Z"}
{"level":"info","message":"Listening on port 3000...","timestamp":"2018-02-14T17:22:20.952Z"}
{"level":"info","message":"Connected to mongodb://localhost/vidly_tests...","timestamp":"2018-02-14T17:22:21.029Z"}
{"level":"info","message":"Listening on port 3000...","timestamp":"2018-02-14T17:28:10.502Z"}
{"level":"info","message":"Connected to mongodb://localhost/vidly_tests...","timestamp":"2018-02-14T17:28:10.583Z"}
{"level":"info","message":"Listening on port 3000...","timestamp":"2018-02-14T17:31:03.528Z"}
{"level":"info","message":"Connected to mongodb://localhost/vidly_tests...","timestamp":"2018-02-14T17:31:03.591Z"}
{"message":"Genre validation failed: name: Path `name` (`1234`) is shorter than the minimum allowed length (5).","errors":{"name":{"message":"Path `name` (`1234`) is shorter than the minimum allowed length (5).","name":"ValidatorError","properties":{"message":"Path `{PATH}` (`{VALUE}`) is shorter than the minimum allowed length (5).","type":"minlength","minlength":5,"path":"name","value":"1234"},"kind":"minlength","path":"name","value":"1234","$isValidatorError":true}},"_message":"Genre validation failed","stack":"ValidationError: name: Path `name` (`1234`) is shorter than the minimum allowed length (5).\n    at new ValidationError (/Users/moshfeghhamedani/Desktop/node-course/vidly/node_modules/mongoose/lib/error/validation.js:27:11)\n    at model.Object.<anonymous>.Document.invalidate (/Users/moshfeghhamedani/Desktop/node-course/vidly/node_modules/mongoose/lib/document.js:1656:32)\n    at /Users/moshfeghhamedani/Desktop/node-course/vidly/node_modules/mongoose/lib/document.js:1528:17\n    at Immediate._onImmediate (/Users/moshfeghhamedani/Desktop/node-course/vidly/node_modules/mongoose/lib/schematype.js:785:9)\n    at runCallback (timers.js:789:20)\n    at tryOnImmediate (timers.js:751:5)\n    at processImmediate [as _immediateCallback] (timers.js:722:5)","name":"ValidationError","level":"error","timestamp":"2018-02-14T17:31:03.618Z"}
{"level":"info","message":"Listening on port 3000...","timestamp":"2018-02-14T17:33:25.843Z"}
{"level":"info","message":"Connected to mongodb://localhost/vidly_tests...","timestamp":"2018-02-14T17:33:25.905Z"}
{"level":"info","message":"Listening on port 3000...","timestamp":"2018-02-14T17:38:31.430Z"}
{"level":"info","message":"Connected to mongodb://localhost/vidly_tests...","timestamp":"2018-02-14T17:38:31.487Z"}
{"level":"info","message":"Listening on port 3000...","timestamp":"2018-02-14T17:42:06.227Z"}
{"level":"info","message":"Connected to mongodb://localhost/vidly_tests...","timestamp":"2018-02-14T17:42:06.294Z"}
{"message":"Genre validation failed: name: Path `name` (`aaaaaaaaaaaaaaaaaaaaaaaaaaaaaaaaaaaaaaaaaaaaaaaaaaa`) is longer than the maximum allowed length (50).","errors":{"name":{"message":"Path `name` (`aaaaaaaaaaaaaaaaaaaaaaaaaaaaaaaaaaaaaaaaaaaaaaaaaaa`) is longer than the maximum allowed length (50).","name":"ValidatorError","properties":{"message":"Path `{PATH}` (`{VALUE}`) is longer than the maximum allowed length (50).","type":"maxlength","maxlength":50,"path":"name","value":"aaaaaaaaaaaaaaaaaaaaaaaaaaaaaaaaaaaaaaaaaaaaaaaaaaa"},"kind":"maxlength","path":"name","value":"aaaaaaaaaaaaaaaaaaaaaaaaaaaaaaaaaaaaaaaaaaaaaaaaaaa","$isValidatorError":true}},"_message":"Genre validation failed","stack":"ValidationError: name: Path `name` (`aaaaaaaaaaaaaaaaaaaaaaaaaaaaaaaaaaaaaaaaaaaaaaaaaaa`) is longer than the maximum allowed length (50).\n    at new ValidationError (/Users/moshfeghhamedani/Desktop/node-course/vidly/node_modules/mongoose/lib/error/validation.js:27:11)\n    at model.Object.<anonymous>.Document.invalidate (/Users/moshfeghhamedani/Desktop/node-course/vidly/node_modules/mongoose/lib/document.js:1656:32)\n    at /Users/moshfeghhamedani/Desktop/node-course/vidly/node_modules/mongoose/lib/document.js:1528:17\n    at Immediate._onImmediate (/Users/moshfeghhamedani/Desktop/node-course/vidly/node_modules/mongoose/lib/schematype.js:785:9)\n    at runCallback (timers.js:789:20)\n    at tryOnImmediate (timers.js:751:5)\n    at processImmediate [as _immediateCallback] (timers.js:722:5)","name":"ValidationError","level":"error","timestamp":"2018-02-14T17:42:06.358Z"}
{"level":"info","message":"Listening on port 3000...","timestamp":"2018-02-14T17:42:53.311Z"}
{"level":"info","message":"Connected to mongodb://localhost/vidly_tests...","timestamp":"2018-02-14T17:42:53.316Z"}
{"level":"info","message":"Listening on port 3000...","timestamp":"2018-02-14T17:45:14.385Z"}
{"level":"info","message":"Connected to mongodb://localhost/vidly_tests...","timestamp":"2018-02-14T17:45:14.390Z"}
{"level":"info","message":"Listening on port 3000...","timestamp":"2018-02-14T17:46:33.000Z"}
{"level":"info","message":"Connected to mongodb://localhost/vidly_tests...","timestamp":"2018-02-14T17:46:33.005Z"}
{"level":"info","message":"Listening on port 3000...","timestamp":"2018-02-14T18:00:20.704Z"}
{"level":"info","message":"Connected to mongodb://localhost/vidly_tests...","timestamp":"2018-02-14T18:00:20.708Z"}
{"level":"info","message":"Listening on port 3000...","timestamp":"2018-02-14T18:05:29.238Z"}
{"level":"info","message":"Connected to mongodb://localhost/vidly_tests...","timestamp":"2018-02-14T18:05:29.245Z"}
{"level":"info","message":"Listening on port 3000...","timestamp":"2018-02-14T18:12:37.370Z"}
{"level":"info","message":"Connected to mongodb://localhost/vidly_tests...","timestamp":"2018-02-14T18:12:37.422Z"}
{"level":"info","message":"Listening on port 3000...","timestamp":"2018-02-14T18:33:38.432Z"}
{"level":"info","message":"Connected to mongodb://localhost/vidly_tests...","timestamp":"2018-02-14T18:33:38.435Z"}
{"level":"info","message":"Listening on port 3000...","timestamp":"2018-02-14T18:38:42.257Z"}
{"level":"info","message":"Connected to mongodb://localhost/vidly_tests...","timestamp":"2018-02-14T18:38:42.262Z"}
{"level":"info","message":"Listening on port 3000...","timestamp":"2018-02-14T18:40:30.650Z"}
{"level":"info","message":"Connected to mongodb://localhost/vidly_tests...","timestamp":"2018-02-14T18:40:30.719Z"}
{"level":"info","message":"Connected to mongodb://localhost/vidly_tests...","timestamp":"2018-02-14T18:40:31.020Z"}
{"level":"info","message":"Listening on port 3000...","timestamp":"2018-02-14T18:44:44.788Z"}
{"level":"info","message":"Connected to mongodb://localhost/vidly_tests...","timestamp":"2018-02-14T18:44:44.856Z"}
{"level":"info","message":"Listening on port 3000...","timestamp":"2018-02-14T18:44:57.875Z"}
{"level":"info","message":"Connected to mongodb://localhost/vidly_tests...","timestamp":"2018-02-14T18:44:57.949Z"}
{"level":"info","message":"Listening on port 3000...","timestamp":"2018-02-14T18:44:58.243Z"}
{"level":"info","message":"Connected to mongodb://localhost/vidly_tests...","timestamp":"2018-02-14T18:44:58.326Z"}
{"level":"info","message":"Listening on port 3000...","timestamp":"2018-02-14T18:45:17.580Z"}
{"level":"info","message":"Connected to mongodb://localhost/vidly_tests...","timestamp":"2018-02-14T18:45:17.667Z"}
{"level":"info","message":"Listening on port 3000...","timestamp":"2018-02-14T18:45:17.876Z"}
{"level":"info","message":"Connected to mongodb://localhost/vidly_tests...","timestamp":"2018-02-14T18:45:18.077Z"}
{"level":"info","message":"Listening on port 3000...","timestamp":"2018-02-14T18:46:24.885Z"}
{"level":"info","message":"Listening on port 3000...","timestamp":"2018-02-14T18:46:25.022Z"}
{"level":"info","message":"Connected to mongodb://localhost/vidly_tests...","timestamp":"2018-02-14T18:46:25.026Z"}
{"level":"info","message":"Connected to mongodb://localhost/vidly_tests...","timestamp":"2018-02-14T18:46:25.029Z"}
{"level":"info","message":"Listening on port 3000...","timestamp":"2018-02-14T18:47:10.061Z"}
{"level":"info","message":"Connected to mongodb://localhost/vidly_tests...","timestamp":"2018-02-14T18:47:10.071Z"}
{"level":"info","message":"Listening on port 3000...","timestamp":"2018-02-14T18:47:10.216Z"}
{"level":"info","message":"Connected to mongodb://localhost/vidly_tests...","timestamp":"2018-02-14T18:47:10.220Z"}
{"level":"info","message":"Listening on port 3000...","timestamp":"2018-02-14T18:47:52.517Z"}
{"level":"info","message":"Connected to mongodb://localhost/vidly_tests...","timestamp":"2018-02-14T18:47:52.637Z"}
{"level":"info","message":"Listening on port 3000...","timestamp":"2018-02-14T18:47:52.776Z"}
{"level":"info","message":"Connected to mongodb://localhost/vidly_tests...","timestamp":"2018-02-14T18:47:52.780Z"}
{"level":"info","message":"Listening on port 3000...","timestamp":"2018-02-14T18:49:21.585Z"}
{"level":"info","message":"Connected to mongodb://localhost/vidly_tests...","timestamp":"2018-02-14T18:49:21.590Z"}
{"level":"info","message":"Listening on port 3000...","timestamp":"2018-02-14T18:49:21.814Z"}
{"level":"info","message":"Connected to mongodb://localhost/vidly_tests...","timestamp":"2018-02-14T18:49:21.821Z"}
{"level":"info","message":"Listening on port 3000...","timestamp":"2018-02-14T18:57:41.031Z"}
{"level":"info","message":"Connected to mongodb://localhost/vidly_tests...","timestamp":"2018-02-14T18:57:41.036Z"}
{"level":"info","message":"Listening on port 3000...","timestamp":"2018-02-14T18:57:41.196Z"}
{"level":"info","message":"Connected to mongodb://localhost/vidly_tests...","timestamp":"2018-02-14T18:57:41.202Z"}
{"level":"info","message":"Listening on port 3000...","timestamp":"2018-02-14T19:02:21.299Z"}
{"level":"info","message":"Connected to mongodb://localhost/vidly_tests...","timestamp":"2018-02-14T19:02:21.303Z"}
{"level":"info","message":"Listening on port 3000...","timestamp":"2018-02-14T19:02:21.518Z"}
{"level":"info","message":"Connected to mongodb://localhost/vidly_tests...","timestamp":"2018-02-14T19:02:21.524Z"}
{"level":"info","message":"Listening on port 3000...","timestamp":"2018-02-14T19:04:09.454Z"}
{"level":"info","message":"Connected to mongodb://localhost/vidly_tests...","timestamp":"2018-02-14T19:04:09.459Z"}
{"level":"info","message":"Listening on port 3000...","timestamp":"2018-02-14T19:04:09.622Z"}
{"level":"info","message":"Connected to mongodb://localhost/vidly_tests...","timestamp":"2018-02-14T19:04:09.628Z"}
{"level":"info","message":"Listening on port 3000...","timestamp":"2018-02-14T19:05:09.631Z"}
{"level":"info","message":"Connected to mongodb://localhost/vidly_tests...","timestamp":"2018-02-14T19:05:09.637Z"}
{"level":"info","message":"Listening on port 3000...","timestamp":"2018-02-14T19:05:09.801Z"}
{"level":"info","message":"Connected to mongodb://localhost/vidly_tests...","timestamp":"2018-02-14T19:05:09.886Z"}
{"level":"info","message":"Listening on port 3000...","timestamp":"2018-02-14T19:18:37.168Z"}
{"level":"info","message":"Connected to mongodb://localhost/vidly_tests...","timestamp":"2018-02-14T19:18:37.196Z"}
{"level":"info","message":"Listening on port 3000...","timestamp":"2018-02-14T19:18:37.446Z"}
{"level":"info","message":"Connected to mongodb://localhost/vidly_tests...","timestamp":"2018-02-14T19:18:37.501Z"}
{"level":"info","message":"Listening on port 3000...","timestamp":"2018-02-14T19:20:25.615Z"}
{"level":"info","message":"Connected to mongodb://localhost/vidly_tests...","timestamp":"2018-02-14T19:20:25.620Z"}
{"level":"info","message":"Listening on port 3000...","timestamp":"2018-02-14T19:20:25.916Z"}
{"level":"info","message":"Connected to mongodb://localhost/vidly_tests...","timestamp":"2018-02-14T19:20:25.945Z"}
{"level":"info","message":"Listening on port 3000...","timestamp":"2018-02-14T19:20:35.983Z"}
{"level":"info","message":"Connected to mongodb://localhost/vidly_tests...","timestamp":"2018-02-14T19:20:36.012Z"}
{"level":"info","message":"Listening on port 3000...","timestamp":"2018-02-14T19:20:36.279Z"}
{"level":"info","message":"Connected to mongodb://localhost/vidly_tests...","timestamp":"2018-02-14T19:20:36.335Z"}
{"level":"info","message":"Listening on port 3000...","timestamp":"2018-02-14T19:36:04.887Z"}
{"level":"info","message":"Connected to mongodb://localhost/vidly_tests...","timestamp":"2018-02-14T19:36:04.892Z"}
{"level":"info","message":"Listening on port 3000...","timestamp":"2018-02-14T19:36:05.094Z"}
{"level":"info","message":"Connected to mongodb://localhost/vidly_tests...","timestamp":"2018-02-14T19:36:05.147Z"}
{"level":"info","message":"Listening on port 3000...","timestamp":"2018-02-14T19:48:34.498Z"}
{"level":"info","message":"Connected to mongodb://localhost/vidly_tests...","timestamp":"2018-02-14T19:48:34.503Z"}
{"level":"info","message":"Listening on port 3000...","timestamp":"2018-02-14T19:48:34.702Z"}
{"level":"info","message":"Connected to mongodb://localhost/vidly_tests...","timestamp":"2018-02-14T19:48:34.767Z"}
{"level":"info","message":"Listening on port 3000...","timestamp":"2018-02-14T19:49:57.931Z"}
{"level":"info","message":"Connected to mongodb://localhost/vidly_tests...","timestamp":"2018-02-14T19:49:57.936Z"}
{"level":"info","message":"Listening on port 3000...","timestamp":"2018-02-14T19:49:58.154Z"}
{"level":"info","message":"Connected to mongodb://localhost/vidly_tests...","timestamp":"2018-02-14T19:49:58.220Z"}
{"level":"info","message":"Listening on port 3000...","timestamp":"2018-02-14T19:50:06.267Z"}
{"level":"info","message":"Connected to mongodb://localhost/vidly_tests...","timestamp":"2018-02-14T19:50:06.272Z"}
{"level":"info","message":"Listening on port 3000...","timestamp":"2018-02-14T19:50:06.468Z"}
{"level":"info","message":"Connected to mongodb://localhost/vidly_tests...","timestamp":"2018-02-14T19:50:06.475Z"}
{"level":"info","message":"Listening on port 3000...","timestamp":"2018-02-14T19:50:13.734Z"}
{"level":"info","message":"Connected to mongodb://localhost/vidly_tests...","timestamp":"2018-02-14T19:50:13.739Z"}
{"level":"info","message":"Listening on port 3000...","timestamp":"2018-02-14T19:50:13.952Z"}
{"level":"info","message":"Connected to mongodb://localhost/vidly_tests...","timestamp":"2018-02-14T19:50:13.958Z"}
{"level":"info","message":"Listening on port 3000...","timestamp":"2018-02-14T19:51:17.730Z"}
{"level":"info","message":"Connected to mongodb://localhost/vidly_tests...","timestamp":"2018-02-14T19:51:17.735Z"}
{"level":"info","message":"Listening on port 3000...","timestamp":"2018-02-14T19:51:17.943Z"}
{"level":"info","message":"Connected to mongodb://localhost/vidly_tests...","timestamp":"2018-02-14T19:51:17.949Z"}
{"level":"info","message":"Listening on port 3000...","timestamp":"2018-02-14T19:51:37.064Z"}
{"level":"info","message":"Connected to mongodb://localhost/vidly_tests...","timestamp":"2018-02-14T19:51:37.069Z"}
{"level":"info","message":"Listening on port 3000...","timestamp":"2018-02-14T19:51:37.273Z"}
{"level":"info","message":"Connected to mongodb://localhost/vidly_tests...","timestamp":"2018-02-14T19:51:37.279Z"}
{"level":"info","message":"Listening on port 3000...","timestamp":"2018-02-14T19:52:11.237Z"}
{"level":"info","message":"Connected to mongodb://localhost/vidly_tests...","timestamp":"2018-02-14T19:52:11.241Z"}
{"level":"info","message":"Listening on port 3000...","timestamp":"2018-02-14T19:52:11.450Z"}
{"level":"info","message":"Connected to mongodb://localhost/vidly_tests...","timestamp":"2018-02-14T19:52:11.457Z"}
{"level":"info","message":"Listening on port 3000...","timestamp":"2018-02-14T19:52:20.439Z"}
{"level":"info","message":"Connected to mongodb://localhost/vidly_tests...","timestamp":"2018-02-14T19:52:20.443Z"}
{"level":"info","message":"Listening on port 3000...","timestamp":"2018-02-14T19:52:20.782Z"}
{"level":"info","message":"Connected to mongodb://localhost/vidly_tests...","timestamp":"2018-02-14T19:52:20.799Z"}
{"level":"info","message":"Listening on port 3000...","timestamp":"2018-02-14T19:52:26.093Z"}
{"level":"info","message":"Connected to mongodb://localhost/vidly_tests...","timestamp":"2018-02-14T19:52:26.117Z"}
{"level":"info","message":"Listening on port 3000...","timestamp":"2018-02-14T19:52:26.344Z"}
{"level":"info","message":"Connected to mongodb://localhost/vidly_tests...","timestamp":"2018-02-14T19:52:26.392Z"}
{"level":"info","message":"Listening on port 3000...","timestamp":"2018-02-14T19:52:55.450Z"}
{"level":"info","message":"Connected to mongodb://localhost/vidly_tests...","timestamp":"2018-02-14T19:52:55.455Z"}
{"level":"info","message":"Listening on port 3000...","timestamp":"2018-02-14T19:52:55.677Z"}
{"level":"info","message":"Connected to mongodb://localhost/vidly_tests...","timestamp":"2018-02-14T19:52:55.743Z"}
{"level":"info","message":"Listening on port 3000...","timestamp":"2018-02-14T19:55:35.033Z"}
{"level":"info","message":"Connected to mongodb://localhost/vidly_tests...","timestamp":"2018-02-14T19:55:35.037Z"}
{"level":"info","message":"Listening on port 3000...","timestamp":"2018-02-14T19:55:35.285Z"}
{"level":"info","message":"Connected to mongodb://localhost/vidly_tests...","timestamp":"2018-02-14T19:55:35.362Z"}
{"level":"info","message":"Listening on port 3000...","timestamp":"2018-02-14T19:56:00.677Z"}
{"level":"info","message":"Connected to mongodb://localhost/vidly_tests...","timestamp":"2018-02-14T19:56:00.756Z"}
{"message":"Cast to ObjectId failed for value \"1\" at path \"_id\" for model \"Genre\"","stack":"CastError: Cast to ObjectId failed for value \"1\" at path \"_id\" for model \"Genre\"\n    at new CastError (/Users/moshfeghhamedani/Desktop/node-course/vidly/node_modules/mongoose/lib/error/cast.js:27:11)\n    at ObjectId.Object.<anonymous>.ObjectId.cast (/Users/moshfeghhamedani/Desktop/node-course/vidly/node_modules/mongoose/lib/schema/objectid.js:158:13)\n    at ObjectId.Object.<anonymous>.SchemaType.applySetters (/Users/moshfeghhamedani/Desktop/node-course/vidly/node_modules/mongoose/lib/schematype.js:701:12)\n    at ObjectId.Object.<anonymous>.SchemaType._castForQuery (/Users/moshfeghhamedani/Desktop/node-course/vidly/node_modules/mongoose/lib/schematype.js:1072:15)\n    at ObjectId.Object.<anonymous>.ObjectId.castForQuery (/Users/moshfeghhamedani/Desktop/node-course/vidly/node_modules/mongoose/lib/schema/objectid.js:198:15)\n    at ObjectId.Object.<anonymous>.SchemaType.castForQueryWrapper (/Users/moshfeghhamedani/Desktop/node-course/vidly/node_modules/mongoose/lib/schematype.js:1041:15)\n    at cast (/Users/moshfeghhamedani/Desktop/node-course/vidly/node_modules/mongoose/lib/cast.js:269:32)\n    at model.Query.Object.<anonymous>.Query.cast (/Users/moshfeghhamedani/Desktop/node-course/vidly/node_modules/mongoose/lib/query.js:3133:12)\n    at model.Query.Object.<anonymous>.Query._castConditions (/Users/moshfeghhamedani/Desktop/node-course/vidly/node_modules/mongoose/lib/query.js:1269:10)\n    at model.Query.Object.<anonymous>.Query._findOneAndRemove (/Users/moshfeghhamedani/Desktop/node-course/vidly/node_modules/mongoose/lib/query.js:2241:8)\n    at /Users/moshfeghhamedani/Desktop/node-course/vidly/node_modules/kareem/index.js:276:8\n    at /Users/moshfeghhamedani/Desktop/node-course/vidly/node_modules/kareem/index.js:23:7\n    at _combinedTickCallback (internal/process/next_tick.js:131:7)\n    at process._tickCallback (internal/process/next_tick.js:180:9)","name":"CastError","stringValue":"\"1\"","kind":"ObjectId","value":"1","path":"_id","level":"error","timestamp":"2018-02-14T19:56:00.816Z"}
{"level":"info","message":"Listening on port 3000...","timestamp":"2018-02-14T19:56:00.973Z"}
{"level":"info","message":"Connected to mongodb://localhost/vidly_tests...","timestamp":"2018-02-14T19:56:00.979Z"}
{"level":"info","message":"Listening on port 3000...","timestamp":"2018-02-14T19:56:31.752Z"}
{"level":"info","message":"Connected to mongodb://localhost/vidly_tests...","timestamp":"2018-02-14T19:56:31.756Z"}
{"message":"Cast to ObjectId failed for value \"1\" at path \"_id\" for model \"Genre\"","stack":"CastError: Cast to ObjectId failed for value \"1\" at path \"_id\" for model \"Genre\"\n    at new CastError (/Users/moshfeghhamedani/Desktop/node-course/vidly/node_modules/mongoose/lib/error/cast.js:27:11)\n    at ObjectId.Object.<anonymous>.ObjectId.cast (/Users/moshfeghhamedani/Desktop/node-course/vidly/node_modules/mongoose/lib/schema/objectid.js:158:13)\n    at ObjectId.Object.<anonymous>.SchemaType.applySetters (/Users/moshfeghhamedani/Desktop/node-course/vidly/node_modules/mongoose/lib/schematype.js:701:12)\n    at ObjectId.Object.<anonymous>.SchemaType._castForQuery (/Users/moshfeghhamedani/Desktop/node-course/vidly/node_modules/mongoose/lib/schematype.js:1072:15)\n    at ObjectId.Object.<anonymous>.ObjectId.castForQuery (/Users/moshfeghhamedani/Desktop/node-course/vidly/node_modules/mongoose/lib/schema/objectid.js:198:15)\n    at ObjectId.Object.<anonymous>.SchemaType.castForQueryWrapper (/Users/moshfeghhamedani/Desktop/node-course/vidly/node_modules/mongoose/lib/schematype.js:1041:15)\n    at cast (/Users/moshfeghhamedani/Desktop/node-course/vidly/node_modules/mongoose/lib/cast.js:269:32)\n    at model.Query.Object.<anonymous>.Query.cast (/Users/moshfeghhamedani/Desktop/node-course/vidly/node_modules/mongoose/lib/query.js:3133:12)\n    at model.Query.Object.<anonymous>.Query._castConditions (/Users/moshfeghhamedani/Desktop/node-course/vidly/node_modules/mongoose/lib/query.js:1269:10)\n    at model.Query.Object.<anonymous>.Query._findOneAndRemove (/Users/moshfeghhamedani/Desktop/node-course/vidly/node_modules/mongoose/lib/query.js:2241:8)\n    at /Users/moshfeghhamedani/Desktop/node-course/vidly/node_modules/kareem/index.js:276:8\n    at /Users/moshfeghhamedani/Desktop/node-course/vidly/node_modules/kareem/index.js:23:7\n    at _combinedTickCallback (internal/process/next_tick.js:131:7)\n    at process._tickCallback (internal/process/next_tick.js:180:9)","name":"CastError","stringValue":"\"1\"","kind":"ObjectId","value":"1","path":"_id","level":"error","timestamp":"2018-02-14T19:56:31.816Z"}
{"level":"info","message":"Listening on port 3000...","timestamp":"2018-02-14T19:56:31.976Z"}
{"level":"info","message":"Connected to mongodb://localhost/vidly_tests...","timestamp":"2018-02-14T19:56:31.983Z"}
{"level":"info","message":"Listening on port 3000...","timestamp":"2018-02-14T19:56:46.385Z"}
{"level":"info","message":"Connected to mongodb://localhost/vidly_tests...","timestamp":"2018-02-14T19:56:46.488Z"}
{"message":"Cast to ObjectId failed for value \"1\" at path \"_id\" for model \"Genre\"","stack":"CastError: Cast to ObjectId failed for value \"1\" at path \"_id\" for model \"Genre\"\n    at new CastError (/Users/moshfeghhamedani/Desktop/node-course/vidly/node_modules/mongoose/lib/error/cast.js:27:11)\n    at ObjectId.Object.<anonymous>.ObjectId.cast (/Users/moshfeghhamedani/Desktop/node-course/vidly/node_modules/mongoose/lib/schema/objectid.js:158:13)\n    at ObjectId.Object.<anonymous>.SchemaType.applySetters (/Users/moshfeghhamedani/Desktop/node-course/vidly/node_modules/mongoose/lib/schematype.js:701:12)\n    at ObjectId.Object.<anonymous>.SchemaType._castForQuery (/Users/moshfeghhamedani/Desktop/node-course/vidly/node_modules/mongoose/lib/schematype.js:1072:15)\n    at ObjectId.Object.<anonymous>.ObjectId.castForQuery (/Users/moshfeghhamedani/Desktop/node-course/vidly/node_modules/mongoose/lib/schema/objectid.js:198:15)\n    at ObjectId.Object.<anonymous>.SchemaType.castForQueryWrapper (/Users/moshfeghhamedani/Desktop/node-course/vidly/node_modules/mongoose/lib/schematype.js:1041:15)\n    at cast (/Users/moshfeghhamedani/Desktop/node-course/vidly/node_modules/mongoose/lib/cast.js:269:32)\n    at model.Query.Object.<anonymous>.Query.cast (/Users/moshfeghhamedani/Desktop/node-course/vidly/node_modules/mongoose/lib/query.js:3133:12)\n    at model.Query.Object.<anonymous>.Query._castConditions (/Users/moshfeghhamedani/Desktop/node-course/vidly/node_modules/mongoose/lib/query.js:1269:10)\n    at model.Query.Object.<anonymous>.Query._findOneAndRemove (/Users/moshfeghhamedani/Desktop/node-course/vidly/node_modules/mongoose/lib/query.js:2241:8)\n    at /Users/moshfeghhamedani/Desktop/node-course/vidly/node_modules/kareem/index.js:276:8\n    at /Users/moshfeghhamedani/Desktop/node-course/vidly/node_modules/kareem/index.js:23:7\n    at _combinedTickCallback (internal/process/next_tick.js:131:7)\n    at process._tickCallback (internal/process/next_tick.js:180:9)","name":"CastError","stringValue":"\"1\"","kind":"ObjectId","value":"1","path":"_id","level":"error","timestamp":"2018-02-14T19:56:46.548Z"}
{"level":"info","message":"Listening on port 3000...","timestamp":"2018-02-14T19:56:46.692Z"}
{"level":"info","message":"Connected to mongodb://localhost/vidly_tests...","timestamp":"2018-02-14T19:56:46.698Z"}
{"level":"info","message":"Listening on port 3000...","timestamp":"2018-02-14T19:57:31.717Z"}
{"level":"info","message":"Connected to mongodb://localhost/vidly_tests...","timestamp":"2018-02-14T19:57:31.722Z"}
{"level":"info","message":"Listening on port 3000...","timestamp":"2018-02-14T19:57:31.931Z"}
{"level":"info","message":"Connected to mongodb://localhost/vidly_tests...","timestamp":"2018-02-14T19:57:31.938Z"}
{"level":"info","message":"Listening on port 3000...","timestamp":"2018-02-14T19:58:20.530Z"}
{"level":"info","message":"Connected to mongodb://localhost/vidly_tests...","timestamp":"2018-02-14T19:58:20.534Z"}
{"level":"info","message":"Listening on port 3000...","timestamp":"2018-02-14T19:58:20.747Z"}
{"level":"info","message":"Connected to mongodb://localhost/vidly_tests...","timestamp":"2018-02-14T19:58:20.753Z"}
{"level":"info","message":"Listening on port 3000...","timestamp":"2018-02-14T19:58:27.180Z"}
{"level":"info","message":"Connected to mongodb://localhost/vidly_tests...","timestamp":"2018-02-14T19:58:27.184Z"}
{"level":"info","message":"Listening on port 3000...","timestamp":"2018-02-14T19:58:27.537Z"}
{"level":"info","message":"Connected to mongodb://localhost/vidly_tests...","timestamp":"2018-02-14T19:58:27.549Z"}
{"level":"info","message":"Listening on port 3000...","timestamp":"2018-02-14T19:58:39.049Z"}
{"level":"info","message":"Connected to mongodb://localhost/vidly_tests...","timestamp":"2018-02-14T19:58:39.054Z"}
{"level":"info","message":"Listening on port 3000...","timestamp":"2018-02-14T19:58:39.250Z"}
{"level":"info","message":"Connected to mongodb://localhost/vidly_tests...","timestamp":"2018-02-14T19:58:39.419Z"}
{"level":"info","message":"Listening on port 3000...","timestamp":"2018-02-14T19:59:07.432Z"}
{"level":"info","message":"Connected to mongodb://localhost/vidly_tests...","timestamp":"2018-02-14T19:59:07.470Z"}
{"level":"info","message":"Listening on port 3000...","timestamp":"2018-02-14T19:59:07.660Z"}
{"level":"info","message":"Connected to mongodb://localhost/vidly_tests...","timestamp":"2018-02-14T19:59:07.713Z"}
{"level":"info","message":"Listening on port 3000...","timestamp":"2018-02-14T20:01:10.699Z"}
{"level":"info","message":"Connected to mongodb://localhost/vidly_tests...","timestamp":"2018-02-14T20:01:10.732Z"}
{"level":"info","message":"Listening on port 3000...","timestamp":"2018-02-14T20:01:11.091Z"}
{"level":"info","message":"Connected to mongodb://localhost/vidly_tests...","timestamp":"2018-02-14T20:01:11.139Z"}
{"message":"Cast to ObjectId failed for value \"1\" at path \"_id\" for model \"Genre\"","stack":"CastError: Cast to ObjectId failed for value \"1\" at path \"_id\" for model \"Genre\"\n    at new CastError (/Users/moshfeghhamedani/Desktop/node-course/vidly/node_modules/mongoose/lib/error/cast.js:27:11)\n    at ObjectId.Object.<anonymous>.ObjectId.cast (/Users/moshfeghhamedani/Desktop/node-course/vidly/node_modules/mongoose/lib/schema/objectid.js:158:13)\n    at ObjectId.Object.<anonymous>.SchemaType.applySetters (/Users/moshfeghhamedani/Desktop/node-course/vidly/node_modules/mongoose/lib/schematype.js:701:12)\n    at ObjectId.Object.<anonymous>.SchemaType._castForQuery (/Users/moshfeghhamedani/Desktop/node-course/vidly/node_modules/mongoose/lib/schematype.js:1072:15)\n    at ObjectId.Object.<anonymous>.ObjectId.castForQuery (/Users/moshfeghhamedani/Desktop/node-course/vidly/node_modules/mongoose/lib/schema/objectid.js:198:15)\n    at ObjectId.Object.<anonymous>.SchemaType.castForQueryWrapper (/Users/moshfeghhamedani/Desktop/node-course/vidly/node_modules/mongoose/lib/schematype.js:1041:15)\n    at cast (/Users/moshfeghhamedani/Desktop/node-course/vidly/node_modules/mongoose/lib/cast.js:269:32)\n    at model.Query.Object.<anonymous>.Query.cast (/Users/moshfeghhamedani/Desktop/node-course/vidly/node_modules/mongoose/lib/query.js:3133:12)\n    at model.Query.Object.<anonymous>.Query._castConditions (/Users/moshfeghhamedani/Desktop/node-course/vidly/node_modules/mongoose/lib/query.js:1269:10)\n    at model.Query.Object.<anonymous>.Query._findOneAndUpdate (/Users/moshfeghhamedani/Desktop/node-course/vidly/node_modules/mongoose/lib/query.js:2146:8)\n    at /Users/moshfeghhamedani/Desktop/node-course/vidly/node_modules/kareem/index.js:276:8\n    at /Users/moshfeghhamedani/Desktop/node-course/vidly/node_modules/kareem/index.js:23:7\n    at _combinedTickCallback (internal/process/next_tick.js:131:7)\n    at process._tickCallback (internal/process/next_tick.js:180:9)","name":"CastError","stringValue":"\"1\"","kind":"ObjectId","value":"1","path":"_id","level":"error","timestamp":"2018-02-14T20:01:11.190Z"}
{"level":"info","message":"Listening on port 3000...","timestamp":"2018-02-14T20:01:26.742Z"}
{"level":"info","message":"Connected to mongodb://localhost/vidly_tests...","timestamp":"2018-02-14T20:01:26.747Z"}
{"level":"info","message":"Listening on port 3000...","timestamp":"2018-02-14T20:01:26.956Z"}
{"level":"info","message":"Connected to mongodb://localhost/vidly_tests...","timestamp":"2018-02-14T20:01:27.027Z"}
{"level":"info","message":"Listening on port 3000...","timestamp":"2018-02-14T20:02:04.272Z"}
{"level":"info","message":"Connected to mongodb://localhost/vidly_tests...","timestamp":"2018-02-14T20:02:04.299Z"}
{"level":"info","message":"Listening on port 3000...","timestamp":"2018-02-14T20:02:04.579Z"}
{"level":"info","message":"Connected to mongodb://localhost/vidly_tests...","timestamp":"2018-02-14T20:02:04.630Z"}
{"level":"info","message":"Listening on port 3000...","timestamp":"2019-01-28T17:27:20.892Z"}
{"level":"info","message":"Listening on port 3000...","timestamp":"2019-01-28T17:27:20.912Z"}
{"level":"info","message":"Listening on port 3000...","timestamp":"2019-01-28T17:28:50.811Z"}
{"level":"info","message":"Listening on port 3000...","timestamp":"2019-01-28T17:28:50.827Z"}
{"level":"info","message":"Connected to mongodb://localhost/vidly_tests...","timestamp":"2019-01-28T17:28:50.874Z"}
{"level":"info","message":"Connected to mongodb://localhost/vidly_tests...","timestamp":"2019-01-28T17:28:50.916Z"}
{"level":"info","message":"Listening on port 3000...","timestamp":"2019-01-28T17:33:40.633Z"}
{"level":"info","message":"Connected to mongodb://localhost/vidly_tests...","timestamp":"2019-01-28T17:33:40.678Z"}
{"level":"info","message":"Listening on port 3000...","timestamp":"2019-01-28T17:33:41.081Z"}
{"level":"info","message":"Connected to mongodb://localhost/vidly_tests...","timestamp":"2019-01-28T17:33:41.174Z"}
{"level":"info","message":"Listening on port 3000...","timestamp":"2019-01-28T17:33:41.957Z"}
{"level":"info","message":"Connected to mongodb://localhost/vidly_tests...","timestamp":"2019-01-28T17:33:42.038Z"}
{"level":"info","message":"Listening on port 3000...","timestamp":"2019-01-28T17:33:42.342Z"}
{"level":"info","message":"Connected to mongodb://localhost/vidly_tests...","timestamp":"2019-01-28T17:33:42.353Z"}
{"level":"info","message":"Listening on port 3000...","timestamp":"2019-01-28T17:33:42.544Z"}
{"level":"info","message":"Connected to mongodb://localhost/vidly_tests...","timestamp":"2019-01-28T17:33:42.554Z"}
{"level":"info","message":"Listening on port 3000...","timestamp":"2019-01-28T17:33:50.745Z"}
{"level":"info","message":"Connected to mongodb://localhost/vidly_tests...","timestamp":"2019-01-28T17:33:50.790Z"}
{"level":"info","message":"Listening on port 3000...","timestamp":"2019-01-28T17:33:51.188Z"}
{"level":"info","message":"Connected to mongodb://localhost/vidly_tests...","timestamp":"2019-01-28T17:33:51.276Z"}
{"level":"info","message":"Listening on port 3000...","timestamp":"2019-01-28T17:34:34.764Z"}
{"level":"info","message":"Connected to mongodb://localhost/vidly_tests...","timestamp":"2019-01-28T17:34:34.790Z"}
{"level":"info","message":"Listening on port 3000...","timestamp":"2019-01-28T17:34:35.167Z"}
{"level":"info","message":"Connected to mongodb://localhost/vidly_tests...","timestamp":"2019-01-28T17:34:35.253Z"}
{"level":"info","message":"Listening on port 3000...","timestamp":"2019-01-28T17:48:25.742Z"}
{"level":"info","message":"Connected to mongodb://localhost/vidly_tests...","timestamp":"2019-01-28T17:48:25.786Z"}
{"level":"info","message":"Listening on port 3000...","timestamp":"2019-01-28T17:48:26.170Z"}
{"level":"info","message":"Connected to mongodb://localhost/vidly_tests...","timestamp":"2019-01-28T17:48:26.257Z"}
{"level":"info","message":"Listening on port 3000...","timestamp":"2019-01-28T17:54:09.558Z"}
{"level":"info","message":"Connected to mongodb://localhost/vidly_tests...","timestamp":"2019-01-28T17:54:09.657Z"}
{"level":"info","message":"Listening on port 3000...","timestamp":"2019-01-28T17:54:09.961Z"}
{"level":"info","message":"Connected to mongodb://localhost/vidly_tests...","timestamp":"2019-01-28T17:54:09.973Z"}
{"level":"info","message":"Listening on port 3000...","timestamp":"2019-01-28T17:55:56.507Z"}
{"level":"info","message":"Connected to mongodb://localhost/vidly_tests...","timestamp":"2019-01-28T17:55:56.533Z"}
{"level":"info","message":"Listening on port 3000...","timestamp":"2019-01-28T17:55:56.797Z"}
{"level":"info","message":"Connected to mongodb://localhost/vidly_tests...","timestamp":"2019-01-28T17:55:56.919Z"}
{"level":"info","message":"Listening on port 3000...","timestamp":"2019-01-28T17:59:42.448Z"}
{"level":"info","message":"Connected to mongodb://localhost/vidly_tests...","timestamp":"2019-01-28T17:59:42.458Z"}
{"level":"info","message":"Listening on port 3000...","timestamp":"2019-01-28T17:59:42.767Z"}
{"level":"info","message":"Connected to mongodb://localhost/vidly_tests...","timestamp":"2019-01-28T17:59:42.920Z"}
{"level":"info","message":"Listening on port 3000...","timestamp":"2019-01-28T18:00:08.330Z"}
{"level":"info","message":"Connected to mongodb://localhost/vidly_tests...","timestamp":"2019-01-28T18:00:08.478Z"}
{"level":"info","message":"Listening on port 3000...","timestamp":"2019-01-28T18:00:08.811Z"}
{"level":"info","message":"Connected to mongodb://localhost/vidly_tests...","timestamp":"2019-01-28T18:00:08.825Z"}
{"level":"info","message":"Listening on port 3000...","timestamp":"2019-01-28T18:00:39.758Z"}
{"level":"info","message":"Connected to mongodb://localhost/vidly_tests...","timestamp":"2019-01-28T18:00:39.926Z"}
{"level":"info","message":"Listening on port 3000...","timestamp":"2019-01-28T18:00:40.239Z"}
{"level":"info","message":"Connected to mongodb://localhost/vidly_tests...","timestamp":"2019-01-28T18:00:40.251Z"}
{"level":"info","message":"Listening on port 3000...","timestamp":"2019-01-28T18:02:37.083Z"}
{"level":"info","message":"Connected to mongodb://localhost/vidly_tests...","timestamp":"2019-01-28T18:02:37.098Z"}
{"level":"info","message":"Listening on port 3000...","timestamp":"2019-01-28T18:02:53.388Z"}
{"level":"info","message":"Connected to mongodb://localhost/vidly_tests...","timestamp":"2019-01-28T18:02:53.404Z"}
{"level":"info","message":"Listening on port 3000...","timestamp":"2019-01-28T18:02:54.147Z"}
{"level":"info","message":"Connected to mongodb://localhost/vidly_tests...","timestamp":"2019-01-28T18:02:54.156Z"}
{"level":"info","message":"Listening on port 3000...","timestamp":"2019-01-28T18:05:48.369Z"}
{"level":"info","message":"Connected to mongodb://localhost/vidly_tests...","timestamp":"2019-01-28T18:05:48.390Z"}
{"level":"info","message":"Listening on port 3000...","timestamp":"2019-01-28T18:06:13.669Z"}
{"level":"info","message":"Connected to mongodb://localhost/vidly_tests...","timestamp":"2019-01-28T18:06:13.684Z"}
{"level":"info","message":"Listening on port 3000...","timestamp":"2019-01-28T18:07:33.828Z"}
{"level":"info","message":"Connected to mongodb://localhost/vidly_tests...","timestamp":"2019-01-28T18:07:33.844Z"}
{"level":"info","message":"Listening on port 3000...","timestamp":"2019-01-28T18:07:43.925Z"}
{"level":"info","message":"Connected to mongodb://localhost/vidly_tests...","timestamp":"2019-01-28T18:07:43.939Z"}
{"level":"info","message":"Listening on port 3000...","timestamp":"2019-01-28T18:07:44.556Z"}
{"level":"info","message":"Connected to mongodb://localhost/vidly_tests...","timestamp":"2019-01-28T18:07:44.657Z"}
{"level":"info","message":"Listening on port 3000...","timestamp":"2019-01-28T18:09:03.649Z"}
{"level":"info","message":"Connected to mongodb://localhost/vidly_tests...","timestamp":"2019-01-28T18:09:03.664Z"}
{"level":"info","message":"Listening on port 3000...","timestamp":"2019-01-28T18:09:25.974Z"}
{"level":"info","message":"Connected to mongodb://localhost/vidly_tests...","timestamp":"2019-01-28T18:09:25.990Z"}
{"level":"info","message":"Listening on port 3000...","timestamp":"2019-01-28T18:09:37.867Z"}
{"level":"info","message":"Connected to mongodb://localhost/vidly_tests...","timestamp":"2019-01-28T18:09:37.882Z"}
{"level":"info","message":"Listening on port 3000...","timestamp":"2019-01-28T18:09:38.380Z"}
{"level":"info","message":"Connected to mongodb://localhost/vidly_tests...","timestamp":"2019-01-28T18:09:38.392Z"}
{"level":"info","message":"Listening on port 3000...","timestamp":"2019-01-28T18:09:50.252Z"}
{"level":"info","message":"Connected to mongodb://localhost/vidly_tests...","timestamp":"2019-01-28T18:09:50.262Z"}
{"level":"info","message":"Listening on port 3000...","timestamp":"2019-01-28T18:09:50.544Z"}
{"level":"info","message":"Connected to mongodb://localhost/vidly_tests...","timestamp":"2019-01-28T18:09:50.580Z"}
{"level":"info","message":"Listening on port 3000...","timestamp":"2019-01-28T18:14:55.119Z"}
{"level":"info","message":"Connected to mongodb://localhost/vidly_tests...","timestamp":"2019-01-28T18:14:55.138Z"}
{"level":"info","message":"Listening on port 3000...","timestamp":"2019-01-28T18:15:11.440Z"}
{"level":"info","message":"Connected to mongodb://localhost/vidly_tests...","timestamp":"2019-01-28T18:15:11.607Z"}
{"level":"info","message":"Listening on port 3000...","timestamp":"2019-01-28T18:15:54.646Z"}
{"level":"info","message":"Connected to mongodb://localhost/vidly_tests...","timestamp":"2019-01-28T18:15:54.661Z"}
{"level":"info","message":"Listening on port 3000...","timestamp":"2019-01-28T18:15:55.222Z"}
{"level":"info","message":"Connected to mongodb://localhost/vidly_tests...","timestamp":"2019-01-28T18:15:55.342Z"}
{"level":"info","message":"Listening on port 3000...","timestamp":"2019-01-28T18:16:29.868Z"}
{"level":"info","message":"Connected to mongodb://localhost/vidly_tests...","timestamp":"2019-01-28T18:16:29.878Z"}
{"level":"info","message":"Listening on port 3000...","timestamp":"2019-01-28T18:16:30.204Z"}
{"level":"info","message":"Connected to mongodb://localhost/vidly_tests...","timestamp":"2019-01-28T18:16:30.353Z"}
{"level":"info","message":"Listening on port 3000...","timestamp":"2019-01-28T18:17:01.192Z"}
{"level":"info","message":"Connected to mongodb://localhost/vidly_tests...","timestamp":"2019-01-28T18:17:01.202Z"}
{"level":"info","message":"Listening on port 3000...","timestamp":"2019-01-28T18:17:01.498Z"}
{"level":"info","message":"Connected to mongodb://localhost/vidly_tests...","timestamp":"2019-01-28T18:17:01.690Z"}
{"level":"info","message":"Listening on port 3000...","timestamp":"2019-01-28T18:19:04.807Z"}
{"level":"info","message":"Connected to mongodb://localhost/vidly_tests...","timestamp":"2019-01-28T18:19:04.818Z"}
{"level":"info","message":"Listening on port 3000...","timestamp":"2019-01-28T18:19:05.147Z"}
{"level":"info","message":"Connected to mongodb://localhost/vidly_tests...","timestamp":"2019-01-28T18:19:05.160Z"}
{"level":"info","message":"Listening on port 3000...","timestamp":"2019-01-28T18:20:06.413Z"}
{"level":"info","message":"Connected to mongodb://localhost/vidly_tests...","timestamp":"2019-01-28T18:20:06.423Z"}
{"level":"info","message":"Listening on port 3000...","timestamp":"2019-01-28T18:20:06.766Z"}
{"level":"info","message":"Connected to mongodb://localhost/vidly_tests...","timestamp":"2019-01-28T18:20:06.778Z"}
{"level":"info","message":"Listening on port 3000...","timestamp":"2019-01-28T18:21:17.003Z"}
{"level":"info","message":"Connected to mongodb://localhost/vidly_tests...","timestamp":"2019-01-28T18:21:17.019Z"}
{"level":"info","message":"Listening on port 3000...","timestamp":"2019-01-28T18:21:38.971Z"}
{"level":"info","message":"Connected to mongodb://localhost/vidly_tests...","timestamp":"2019-01-28T18:21:39.200Z"}
{"level":"info","message":"Listening on port 3000...","timestamp":"2019-01-28T18:22:07.838Z"}
{"level":"info","message":"Connected to mongodb://localhost/vidly_tests...","timestamp":"2019-01-28T18:22:07.854Z"}
{"level":"info","message":"Listening on port 3000...","timestamp":"2019-01-28T18:22:24.207Z"}
{"level":"info","message":"Connected to mongodb://localhost/vidly_tests...","timestamp":"2019-01-28T18:22:24.221Z"}
{"level":"info","message":"Listening on port 3000...","timestamp":"2019-01-28T18:22:24.735Z"}
{"level":"info","message":"Connected to mongodb://localhost/vidly_tests...","timestamp":"2019-01-28T18:22:24.748Z"}
{"level":"info","message":"Listening on port 3000...","timestamp":"2019-01-28T18:23:42.361Z"}
{"level":"info","message":"Connected to mongodb://localhost/vidly_tests...","timestamp":"2019-01-28T18:23:42.370Z"}
{"level":"info","message":"Listening on port 3000...","timestamp":"2019-01-28T18:23:42.734Z"}
{"level":"info","message":"Connected to mongodb://localhost/vidly_tests...","timestamp":"2019-01-28T18:23:42.750Z"}
{"level":"info","message":"Listening on port 3000...","timestamp":"2019-01-28T18:24:06.153Z"}
{"level":"info","message":"Connected to mongodb://localhost/vidly_tests...","timestamp":"2019-01-28T18:24:06.168Z"}
{"level":"info","message":"Listening on port 3000...","timestamp":"2019-01-28T18:24:16.061Z"}
{"level":"info","message":"Connected to mongodb://localhost/vidly_tests...","timestamp":"2019-01-28T18:24:16.080Z"}
{"level":"info","message":"Listening on port 3000...","timestamp":"2019-01-28T18:24:16.615Z"}
{"level":"info","message":"Connected to mongodb://localhost/vidly_tests...","timestamp":"2019-01-28T18:24:16.625Z"}
{"level":"info","message":"Listening on port 3000...","timestamp":"2019-01-28T18:24:37.290Z"}
{"level":"info","message":"Connected to mongodb://localhost/vidly_tests...","timestamp":"2019-01-28T18:24:37.309Z"}
{"level":"info","message":"Listening on port 3000...","timestamp":"2019-01-28T18:24:37.632Z"}
{"level":"info","message":"Connected to mongodb://localhost/vidly_tests...","timestamp":"2019-01-28T18:24:37.643Z"}
{"level":"info","message":"Listening on port 3000...","timestamp":"2019-01-28T18:25:54.296Z"}
{"level":"info","message":"Connected to mongodb://localhost/vidly_tests...","timestamp":"2019-01-28T18:25:54.311Z"}
{"level":"info","message":"Listening on port 3000...","timestamp":"2019-01-28T18:25:54.606Z"}
{"level":"info","message":"Connected to mongodb://localhost/vidly_tests...","timestamp":"2019-01-28T18:25:54.617Z"}
{"level":"info","message":"Listening on port 3000...","timestamp":"2019-01-28T18:27:30.594Z"}
{"level":"info","message":"Connected to mongodb://localhost/vidly_tests...","timestamp":"2019-01-28T18:27:30.611Z"}
{"level":"info","message":"Listening on port 3000...","timestamp":"2019-01-28T18:27:44.313Z"}
{"level":"info","message":"Connected to mongodb://localhost/vidly_tests...","timestamp":"2019-01-28T18:27:44.331Z"}
{"level":"info","message":"Listening on port 3000...","timestamp":"2019-01-28T18:27:44.853Z"}
{"level":"info","message":"Connected to mongodb://localhost/vidly_tests...","timestamp":"2019-01-28T18:27:44.863Z"}
{"level":"info","message":"Listening on port 3000...","timestamp":"2019-01-29T09:19:40.028Z"}
{"level":"info","message":"Listening on port 3000...","timestamp":"2019-01-29T09:19:40.064Z"}
{"level":"info","message":"Connected to mongodb://localhost/vidly_tests...","timestamp":"2019-01-29T09:19:40.122Z"}
{"level":"info","message":"Connected to mongodb://localhost/vidly_tests...","timestamp":"2019-01-29T09:19:40.248Z"}
{"level":"info","message":"Listening on port 3000...","timestamp":"2019-01-29T09:20:16.025Z"}
{"level":"info","message":"Connected to mongodb://localhost/vidly_tests...","timestamp":"2019-01-29T09:20:16.077Z"}
{"level":"info","message":"Listening on port 3000...","timestamp":"2019-01-29T09:20:16.391Z"}
{"level":"info","message":"Connected to mongodb://localhost/vidly_tests...","timestamp":"2019-01-29T09:20:16.458Z"}
{"level":"info","message":"Listening on port 3000...","timestamp":"2019-01-29T09:40:19.228Z"}
{"level":"info","message":"Connected to mongodb://localhost/vidly_tests...","timestamp":"2019-01-29T09:40:19.288Z"}
{"level":"info","message":"Listening on port 3000...","timestamp":"2019-01-29T09:40:33.698Z"}
{"level":"info","message":"Connected to mongodb://localhost/vidly_tests...","timestamp":"2019-01-29T09:40:33.713Z"}
{"level":"info","message":"Listening on port 3000...","timestamp":"2019-01-29T09:40:51.058Z"}
{"level":"info","message":"Connected to mongodb://localhost/vidly_tests...","timestamp":"2019-01-29T09:40:51.118Z"}
{"level":"info","message":"Listening on port 3000...","timestamp":"2019-01-29T09:42:32.008Z"}
{"level":"info","message":"Connected to mongodb://localhost/vidly_tests...","timestamp":"2019-01-29T09:42:32.024Z"}
{"level":"info","message":"Listening on port 3000...","timestamp":"2019-01-29T09:42:32.794Z"}
{"level":"info","message":"Connected to mongodb://localhost/vidly_tests...","timestamp":"2019-01-29T09:42:32.808Z"}
{"level":"info","message":"Listening on port 3000...","timestamp":"2019-01-29T09:47:00.402Z"}
{"level":"info","message":"Connected to mongodb://localhost/vidly_tests...","timestamp":"2019-01-29T09:47:00.420Z"}
{"level":"info","message":"Listening on port 3000...","timestamp":"2019-01-29T09:47:12.756Z"}
{"level":"info","message":"Connected to mongodb://localhost/vidly_tests...","timestamp":"2019-01-29T09:47:12.880Z"}
{"level":"info","message":"Listening on port 3000...","timestamp":"2019-01-29T09:47:13.706Z"}
{"level":"info","message":"Connected to mongodb://localhost/vidly_tests...","timestamp":"2019-01-29T09:47:13.724Z"}
{"level":"info","message":"Listening on port 3000...","timestamp":"2019-01-29T09:47:43.724Z"}
{"level":"info","message":"Connected to mongodb://localhost/vidly_tests...","timestamp":"2019-01-29T09:47:43.741Z"}
{"level":"info","message":"Listening on port 3000...","timestamp":"2019-01-29T09:47:53.816Z"}
{"level":"info","message":"Connected to mongodb://localhost/vidly_tests...","timestamp":"2019-01-29T09:47:53.976Z"}
{"level":"info","message":"Listening on port 3000...","timestamp":"2019-01-29T09:47:54.877Z"}
{"level":"info","message":"Connected to mongodb://localhost/vidly_tests...","timestamp":"2019-01-29T09:47:54.888Z"}
{"level":"info","message":"Listening on port 3000...","timestamp":"2019-01-29T09:48:33.480Z"}
{"level":"info","message":"Connected to mongodb://localhost/vidly_tests...","timestamp":"2019-01-29T09:48:33.491Z"}
{"level":"info","message":"Listening on port 3000...","timestamp":"2019-01-29T09:48:33.793Z"}
{"level":"info","message":"Connected to mongodb://localhost/vidly_tests...","timestamp":"2019-01-29T09:48:33.804Z"}
{"level":"info","message":"Listening on port 3000...","timestamp":"2019-01-29T09:48:47.839Z"}
{"level":"info","message":"Connected to mongodb://localhost/vidly_tests...","timestamp":"2019-01-29T09:48:47.848Z"}
{"level":"info","message":"Listening on port 3000...","timestamp":"2019-01-29T09:48:48.233Z"}
{"level":"info","message":"Connected to mongodb://localhost/vidly_tests...","timestamp":"2019-01-29T09:48:48.344Z"}
{"level":"info","message":"Listening on port 3000...","timestamp":"2019-01-29T09:49:30.176Z"}
{"level":"info","message":"Connected to mongodb://localhost/vidly_tests...","timestamp":"2019-01-29T09:49:30.192Z"}
{"level":"info","message":"Listening on port 3000...","timestamp":"2019-01-29T09:49:35.369Z"}
{"level":"info","message":"Connected to mongodb://localhost/vidly_tests...","timestamp":"2019-01-29T09:49:35.384Z"}
{"level":"info","message":"Listening on port 3000...","timestamp":"2019-01-29T09:49:35.908Z"}
{"level":"info","message":"Connected to mongodb://localhost/vidly_tests...","timestamp":"2019-01-29T09:49:35.917Z"}
{"level":"info","message":"Listening on port 3000...","timestamp":"2019-01-29T09:51:42.657Z"}
{"level":"info","message":"Connected to mongodb://localhost/vidly_tests...","timestamp":"2019-01-29T09:51:42.673Z"}
{"level":"info","message":"Listening on port 3000...","timestamp":"2019-01-29T09:51:48.652Z"}
{"level":"info","message":"Connected to mongodb://localhost/vidly_tests...","timestamp":"2019-01-29T09:51:48.698Z"}
{"level":"info","message":"Listening on port 3000...","timestamp":"2019-01-29T09:51:49.200Z"}
{"level":"info","message":"Connected to mongodb://localhost/vidly_tests...","timestamp":"2019-01-29T09:51:49.210Z"}
{"level":"info","message":"Listening on port 3000...","timestamp":"2019-01-29T09:54:27.411Z"}
{"level":"info","message":"Connected to mongodb://localhost/vidly_tests...","timestamp":"2019-01-29T09:54:27.423Z"}
{"level":"info","message":"Listening on port 3000...","timestamp":"2019-01-29T09:54:27.727Z"}
{"level":"info","message":"Connected to mongodb://localhost/vidly_tests...","timestamp":"2019-01-29T09:54:27.748Z"}
{"level":"info","message":"Listening on port 3000...","timestamp":"2019-01-29T09:56:46.493Z"}
{"level":"info","message":"Connected to mongodb://localhost/vidly_tests...","timestamp":"2019-01-29T09:56:46.505Z"}
{"level":"info","message":"Listening on port 3000...","timestamp":"2019-01-29T09:56:46.832Z"}
{"level":"info","message":"Connected to mongodb://localhost/vidly_tests...","timestamp":"2019-01-29T09:56:46.844Z"}
{"level":"info","message":"Listening on port 3000...","timestamp":"2019-01-29T09:57:41.398Z"}
{"level":"info","message":"Connected to mongodb://localhost/vidly_tests...","timestamp":"2019-01-29T09:57:41.408Z"}
{"level":"info","message":"Listening on port 3000...","timestamp":"2019-01-29T09:57:41.712Z"}
{"level":"info","message":"Connected to mongodb://localhost/vidly_tests...","timestamp":"2019-01-29T09:57:41.901Z"}
{"level":"info","message":"Listening on port 3000...","timestamp":"2019-01-29T10:02:56.768Z"}
{"level":"info","message":"Connected to mongodb://localhost/vidly_tests...","timestamp":"2019-01-29T10:02:56.782Z"}
{"level":"info","message":"Listening on port 3000...","timestamp":"2019-01-29T10:02:57.082Z"}
{"level":"info","message":"Connected to mongodb://localhost/vidly_tests...","timestamp":"2019-01-29T10:02:57.093Z"}
{"level":"info","message":"Listening on port 3000...","timestamp":"2019-01-29T10:03:14.475Z"}
{"level":"info","message":"Connected to mongodb://localhost/vidly_tests...","timestamp":"2019-01-29T10:03:14.553Z"}
{"level":"info","message":"Listening on port 3000...","timestamp":"2019-01-29T10:03:14.950Z"}
{"level":"info","message":"Connected to mongodb://localhost/vidly_tests...","timestamp":"2019-01-29T10:03:14.969Z"}
{"level":"info","message":"Listening on port 3000...","timestamp":"2019-01-29T10:32:49.012Z"}
{"level":"info","message":"Connected to mongodb://localhost/vidly_tests...","timestamp":"2019-01-29T10:32:49.092Z"}
{"level":"info","message":"Listening on port 3000...","timestamp":"2019-01-29T10:32:49.147Z"}
{"level":"info","message":"Connected to mongodb://localhost/vidly_tests...","timestamp":"2019-01-29T10:32:49.197Z"}
